<?xml version="1.0" encoding="UTF-8"?>
<!-- Generated by org.testng.reporters.JUnitReportReporter -->
<testsuite hostname="OPS-PW0CLDZV" failures="0" tests="2" name="UserTypeAccess.StaffSergeant3" time="68.951" errors="0" timestamp="2024-12-30T13:17:53 EST" skipped="0">
  <testcase classname="UserTypeAccess.StaffSergeant3" name="markIncidentReportConfidentialNot" time="34.176"/>
  <system-out/>
  <testcase classname="UserTypeAccess.StaffSergeant3" name="createIncidentReport" time="34.775"/>
  <system-out/>
</testsuite> <!-- UserTypeAccess.StaffSergeant3 -->
