<?xml version="1.0" encoding="UTF-8"?>
<!-- Generated by org.testng.reporters.JUnitReportReporter -->
<testsuite hostname="OPS-PW0CLDZV" failures="0" tests="2" name="UserTypeAccess.Superintendent3" time="71.418" errors="0" timestamp="2024-12-31T11:49:13 EST" skipped="0">
  <testcase classname="UserTypeAccess.Superintendent3" name="markIncidentReportConfidentialNot" time="35.759"/>
  <system-out/>
  <testcase classname="UserTypeAccess.Superintendent3" name="createIncidentReport" time="35.659"/>
  <system-out/>
</testsuite> <!-- UserTypeAccess.Superintendent3 -->
