<?xml version="1.0" encoding="UTF-8"?>
<!-- Generated by org.testng.reporters.JUnitReportReporter -->
<testsuite hostname="OPS-PW0CLDZV" failures="0" tests="1" name="UserTypeAccess.Superintendent2" time="14.116" errors="0" timestamp="2024-12-31T11:49:13 EST" skipped="0">
  <testcase classname="UserTypeAccess.Superintendent2" name="viewAndUpdate" time="14.116"/>
  <system-out/>
</testsuite> <!-- UserTypeAccess.Superintendent2 -->
