<?xml version="1.0" encoding="UTF-8"?>
<!-- Generated by org.testng.reporters.JUnitReportReporter -->
<testsuite hostname="OPS-PW0CLDZV" failures="0" tests="2" name="UserTypeAccess.DeputySuperintendent3" time="71.086" errors="0" timestamp="2024-12-30T16:49:16 EST" skipped="0">
  <testcase classname="UserTypeAccess.DeputySuperintendent3" name="createIncidentReport" time="35.695"/>
  <system-out/>
  <testcase classname="UserTypeAccess.DeputySuperintendent3" name="markIncidentReportConfidentialNot" time="35.391"/>
  <system-out/>
</testsuite> <!-- UserTypeAccess.DeputySuperintendent3 -->
