<?xml version="1.0" encoding="UTF-8"?>
<!-- Generated by org.testng.reporters.JUnitReportReporter -->
<testsuite hostname="OPS-PW0CLDZV" failures="0" tests="1" name="UserTypeAccess.DeputySuperintendent2" time="14.547" errors="0" timestamp="2024-12-30T16:49:16 EST" skipped="0">
  <testcase classname="UserTypeAccess.DeputySuperintendent2" name="viewAndUpdate" time="14.547"/>
  <system-out/>
</testsuite> <!-- UserTypeAccess.DeputySuperintendent2 -->
