<?xml version="1.0" encoding="UTF-8"?>
<!-- Generated by org.testng.reporters.JUnitReportReporter -->
<testsuite hostname="OPS-PW0CLDZV" failures="0" tests="3" name="ca.IRM.selenium.UserTypeAccess.Department123" time="198.950" errors="0" timestamp="2025-01-03T09:49:33 EST" skipped="0">
  <testcase classname="ca.IRM.selenium.UserTypeAccess.Department123" name="department1ViewIIR" time="118.897"/>
  <system-out/>
  <testcase classname="ca.IRM.selenium.UserTypeAccess.Department123" name="department3ViewIIREOIR" time="60.273"/>
  <system-out/>
  <testcase classname="ca.IRM.selenium.UserTypeAccess.Department123" name="department2ViewIIR" time="19.780"/>
  <system-out/>
</testsuite> <!-- ca.IRM.selenium.UserTypeAccess.Department123 -->
