<?xml version="1.0" encoding="UTF-8"?>
<!-- Generated by org.testng.reporters.JUnitReportReporter -->
<testsuite hostname="OPS-PW0CLDZV" failures="0" tests="2" name="ca.IRM.selenium.UserTypeAccess.StaffSergeant4" time="26.949" errors="0" timestamp="2025-01-03T09:56:45 EST" skipped="1">
  <testcase classname="ca.IRM.selenium.UserTypeAccess.StaffSergeant4" name="viewAndUpdateOnlyIIR" time="7.467">
    <skipped/>
  </testcase> <!-- viewAndUpdateOnlyIIR -->
  <system-out/>
  <testcase classname="ca.IRM.selenium.UserTypeAccess.StaffSergeant4" name="viewAndUpdateOnlyIIR" time="19.482"/>
  <system-out/>
</testsuite> <!-- ca.IRM.selenium.UserTypeAccess.StaffSergeant4 -->
