<?xml version="1.0" encoding="UTF-8"?>
<!-- Generated by org.testng.reporters.JUnitReportReporter -->
<testsuite hostname="OPS-PW0CLDZV" failures="0" tests="2" name="ca.IRM.selenium.UserTypeAccess.StaffSergeant2" time="16.143" errors="0" timestamp="2025-01-03T09:56:45 EST" skipped="1">
  <testcase classname="ca.IRM.selenium.UserTypeAccess.StaffSergeant2" name="viewAndUpdate" time="14.244"/>
  <system-out/>
  <testcase classname="ca.IRM.selenium.UserTypeAccess.StaffSergeant2" name="viewAndUpdate" time="1.899">
    <skipped/>
  </testcase> <!-- viewAndUpdate -->
  <system-out/>
</testsuite> <!-- ca.IRM.selenium.UserTypeAccess.StaffSergeant2 -->
