<?xml version="1.0" encoding="UTF-8"?>
<!-- Generated by org.testng.reporters.JUnitReportReporter -->
<testsuite hostname="OPS-PW0CLDZV" failures="0" tests="2" name="UserTypeAccess.RegionalOffice" time="105.375" errors="0" timestamp="2025-01-02T10:21:13 EST" skipped="0">
  <testcase classname="UserTypeAccess.RegionalOffice" name="createIncidentReport" time="27.163"/>
  <system-out/>
  <testcase classname="UserTypeAccess.RegionalOffice" name="markAndUnmartIncidentReportConfidentialAndView" time="78.212"/>
  <system-out/>
</testsuite> <!-- UserTypeAccess.RegionalOffice -->
