<?xml version="1.0" encoding="UTF-8"?>
<!-- Generated by org.testng.reporters.JUnitReportReporter -->
<testsuite hostname="OPS-PW0CLDZV" failures="0" tests="2" name="UserTypeAccess.Superintendent" time="112.020" errors="0" timestamp="2024-12-31T13:02:41 EST" skipped="0">
  <testcase classname="UserTypeAccess.Superintendent" name="createIncidentReport" time="27.305"/>
  <system-out/>
  <testcase classname="UserTypeAccess.Superintendent" name="markAndUnmartIncidentReportConfidentialAndView" time="84.715"/>
  <system-out/>
</testsuite> <!-- UserTypeAccess.Superintendent -->
