<?xml version="1.0" encoding="UTF-8"?>
<!-- Generated by org.testng.reporters.JUnitReportReporter -->
<testsuite hostname="OPS-PW0CLDZV" failures="0" tests="2" name="UserTypeAccess.StaffSergeant" time="54.463" errors="0" timestamp="2024-12-30T13:17:53 EST" skipped="0">
  <testcase classname="UserTypeAccess.StaffSergeant" name="markIncidentReportConfidential" time="26.641"/>
  <system-out/>
  <testcase classname="UserTypeAccess.StaffSergeant" name="createIncidentReport" time="27.822"/>
  <system-out/>
</testsuite> <!-- UserTypeAccess.StaffSergeant -->
