<?xml version="1.0" encoding="UTF-8"?>
<!-- Generated by org.testng.reporters.JUnitReportReporter -->
<testsuite hostname="OPS-PW0CLDZV" failures="0" tests="2" name="UserTypeAccess.RegionalOffice3" time="68.646" errors="0" timestamp="2025-01-02T10:21:13 EST" skipped="0">
  <testcase classname="UserTypeAccess.RegionalOffice3" name="createIncidentReport" time="34.425"/>
  <system-out/>
  <testcase classname="UserTypeAccess.RegionalOffice3" name="markIncidentReportConfidentialNot" time="34.221"/>
  <system-out/>
</testsuite> <!-- UserTypeAccess.RegionalOffice3 -->
