<?xml version="1.0" encoding="UTF-8"?>
<!-- Generated by org.testng.reporters.JUnitReportReporter -->
<testsuite hostname="OPS-PW0CLDZV" failures="0" tests="1" name="UserTypeAccess.StaffSergeant2" time="14.326" errors="0" timestamp="2024-12-30T13:17:53 EST" skipped="0">
  <testcase classname="UserTypeAccess.StaffSergeant2" name="viewAndUpdate" time="14.326"/>
  <system-out/>
</testsuite> <!-- UserTypeAccess.StaffSergeant2 -->
