<?xml version="1.0" encoding="UTF-8"?>
<!-- Generated by org.testng.reporters.JUnitReportReporter -->
<testsuite hostname="OPS-PW0CLDZV" failures="0" tests="1" name="UserTypeAccess.AdminToTheSuperintendent3" time="7.321" errors="0" timestamp="2024-12-31T14:28:52 EST" skipped="0">
  <testcase classname="UserTypeAccess.AdminToTheSuperintendent3" name="createIncidentReportNot" time="7.321"/>
  <system-out/>
</testsuite> <!-- UserTypeAccess.AdminToTheSuperintendent3 -->
