<?xml version="1.0" encoding="UTF-8"?>
<!-- Generated by org.testng.reporters.JUnitReportReporter -->
<testsuite hostname="OPS-PW0CLDZV" failures="0" tests="1" name="UserTypeAccess.RegionalOffice4" time="0.000" errors="0" timestamp="2025-01-02T10:47:01 EST" skipped="1">
  <testcase classname="UserTypeAccess.RegionalOffice4" name="viewAndUpdateOnlyIIR" time="0.000">
    <skipped/>
  </testcase> <!-- viewAndUpdateOnlyIIR -->
  <system-out/>
</testsuite> <!-- UserTypeAccess.RegionalOffice4 -->
