<?xml version="1.0" encoding="UTF-8"?>
<!-- Generated by org.testng.reporters.JUnitReportReporter -->
<testsuite hostname="OPS-PW0CLDZV" failures="0" tests="3" name="ca.IRM.selenium.UserTypeAccess.Department123" time="200.420" errors="0" timestamp="2025-01-03T11:36:04 EST" skipped="0">
  <testcase classname="ca.IRM.selenium.UserTypeAccess.Department123" name="department3ViewIIREOIR" time="61.003"/>
  <system-out/>
  <testcase classname="ca.IRM.selenium.UserTypeAccess.Department123" name="department2ViewIIR" time="20.519"/>
  <system-out/>
  <testcase classname="ca.IRM.selenium.UserTypeAccess.Department123" name="department1ViewIIR" time="118.898"/>
  <system-out/>
</testsuite> <!-- ca.IRM.selenium.UserTypeAccess.Department123 -->
