<?xml version="1.0" encoding="UTF-8"?>
<!-- Generated by org.testng.reporters.JUnitReportReporter -->
<testsuite hostname="OPS-PW0CLDZV" failures="0" tests="1" name="UserTypeAccess.DeputySuperintendent4" time="21.212" errors="0" timestamp="2024-12-30T16:59:16 EST" skipped="0">
  <testcase classname="UserTypeAccess.DeputySuperintendent4" name="viewAndUpdateOnlyIIR" time="21.212"/>
  <system-out/>
</testsuite> <!-- UserTypeAccess.DeputySuperintendent4 -->
