<?xml version="1.0" encoding="UTF-8"?>
<!-- Generated by org.testng.reporters.JUnitReportReporter -->
<testsuite hostname="OPS-PW0CLDZV" failures="0" tests="1" name="UserTypeAccess.StaffSergeant4" time="20.605" errors="0" timestamp="2024-12-30T16:40:15 EST" skipped="0">
  <testcase classname="UserTypeAccess.StaffSergeant4" name="viewAndUpdateOnlyIIR" time="20.605"/>
  <system-out/>
</testsuite> <!-- UserTypeAccess.StaffSergeant4 -->
