<?xml version="1.0" encoding="UTF-8"?>
<!-- Generated by org.testng.reporters.JUnitReportReporter -->
<testsuite hostname="OPS-PW0CLDZV" failures="0" tests="1" name="UserTypeAccess.Superintendent4" time="20.398" errors="0" timestamp="2024-12-31T13:18:58 EST" skipped="0">
  <testcase classname="UserTypeAccess.Superintendent4" name="viewAndUpdateOnlyIIR" time="20.398"/>
  <system-out/>
</testsuite> <!-- UserTypeAccess.Superintendent4 -->
