<?xml version="1.0" encoding="UTF-8"?>
<!-- Generated by org.testng.reporters.JUnitReportReporter -->
<testsuite hostname="OPS-PW0CLDZV" failures="0" tests="3" name="UserTypeAccess.Department123" time="197.712" errors="0" timestamp="2024-12-31T15:03:19 EST" skipped="0">
  <testcase classname="UserTypeAccess.Department123" name="department1ViewIIR" time="118.769"/>
  <system-out/>
  <testcase classname="UserTypeAccess.Department123" name="department3ViewIIREOIR" time="59.400"/>
  <system-out/>
  <testcase classname="UserTypeAccess.Department123" name="department2ViewIIR" time="19.543"/>
  <system-out/>
</testsuite> <!-- UserTypeAccess.Department123 -->
