<?xml version="1.0" encoding="UTF-8"?>
<!-- Generated by org.testng.reporters.JUnitReportReporter -->
<testsuite hostname="OPS-PW0CLDZV" failures="0" tests="2" name="ca.IRM.selenium.UserTypeAccess.StaffSergeant" time="53.901" errors="0" timestamp="2025-01-03T09:56:45 EST" skipped="0">
  <testcase classname="ca.IRM.selenium.UserTypeAccess.StaffSergeant" name="markIncidentReportConfidential" time="25.373"/>
  <system-out/>
  <testcase classname="ca.IRM.selenium.UserTypeAccess.StaffSergeant" name="createIncidentReport" time="28.528"/>
  <system-out/>
</testsuite> <!-- ca.IRM.selenium.UserTypeAccess.StaffSergeant -->
