<?xml version="1.0" encoding="UTF-8"?>
<!-- Generated by org.testng.reporters.JUnitReportReporter -->
<testsuite hostname="OPS-PW0CLDZV" failures="0" tests="2" name="UserTypeAccess.AdminToTheSuperintendent4" time="26.234" errors="0" timestamp="2024-12-31T14:28:52 EST" skipped="0">
  <testcase classname="UserTypeAccess.AdminToTheSuperintendent4" name="markIncidentReportConfidentialNot" time="12.494"/>
  <system-out/>
  <testcase classname="UserTypeAccess.AdminToTheSuperintendent4" name="viewIIROnly" time="13.740"/>
  <system-out/>
</testsuite> <!-- UserTypeAccess.AdminToTheSuperintendent4 -->
