<?xml version="1.0" encoding="UTF-8"?>
<!-- Generated by org.testng.reporters.JUnitReportReporter -->
<testsuite hostname="OPS-PW0CLDZV" failures="0" tests="2" name="ca.IRM.selenium.UserTypeAccess.StaffSergeant3" time="70.842" errors="0" timestamp="2025-01-03T09:56:45 EST" skipped="0">
  <testcase classname="ca.IRM.selenium.UserTypeAccess.StaffSergeant3" name="createIncidentReport" time="35.759"/>
  <system-out/>
  <testcase classname="ca.IRM.selenium.UserTypeAccess.StaffSergeant3" name="markIncidentReportConfidentialNot" time="35.083"/>
  <system-out/>
</testsuite> <!-- ca.IRM.selenium.UserTypeAccess.StaffSergeant3 -->
