<?xml version="1.0" encoding="UTF-8"?>
<!-- Generated by org.testng.reporters.JUnitReportReporter -->
<testsuite hostname="OPS-PW0CLDZV" failures="0" tests="1" name="UI.CreateIncidentReport" time="24.343" errors="0" timestamp="2024-12-10T15:18:52 EST" skipped="0">
  <testcase classname="UI.CreateIncidentReport" name="createAndFillIncidentReport" time="24.343"/>
  <system-out/>
</testsuite> <!-- UI.CreateIncidentReport -->
