<?xml version="1.0" encoding="UTF-8"?>
<!-- Generated by org.testng.reporters.JUnitReportReporter -->
<testsuite hostname="OPS-PW0CLDZV" failures="0" tests="1" name="UI.StaffSergeant" time="0.785" errors="0" timestamp="2024-12-11T09:47:30 EST" skipped="0">
  <testcase classname="UI.StaffSergeant" name="createIncidentReport" time="0.785"/>
  <system-out/>
</testsuite> <!-- UI.StaffSergeant -->
