<?xml version="1.0" encoding="UTF-8"?>
<!-- Generated by org.testng.reporters.JUnitReportReporter -->
<testsuite hostname="OPS-PW0CLDZV" failures="0" tests="2" name="UserTypeAccess.DeputySuperintendent" time="54.731" errors="0" timestamp="2024-12-30T16:49:16 EST" skipped="0">
  <testcase classname="UserTypeAccess.DeputySuperintendent" name="createIncidentReport" time="27.295"/>
  <system-out/>
  <testcase classname="UserTypeAccess.DeputySuperintendent" name="markIncidentReportConfidential" time="27.436"/>
  <system-out/>
</testsuite> <!-- UserTypeAccess.DeputySuperintendent -->
